<?xml version="1.0" encoding="UTF-8"?>
<testsuite name="VirtualPetTest" tests="1" skipped="0" failures="0" errors="0" timestamp="2020-12-12T02:45:58" hostname="DESKTOP-7CUAASU" time="0.001">
  <properties/>
  <testcase name="happyLevelShouldIncrease" classname="VirtualPetTest" time="0.001"/>
  <system-out><![CDATA[]]></system-out>
  <system-err><![CDATA[]]></system-err>
</testsuite>
